CRITICAL - 2023-10-09 13:10:02 --> Allowed fields must be specified for model: "App\Models\DetailPenjualanModel"
in SYSTEMPATH\Model.php on line 736.
 1 SYSTEMPATH\Model.php(736): CodeIgniter\Database\Exceptions\DataException::forInvalidAllowedFields('App\\Models\\DetailPenjualanModel')
 2 SYSTEMPATH\BaseModel.php(763): CodeIgniter\Model->doProtectFieldsForInsert([...])
 3 SYSTEMPATH\Model.php(715): CodeIgniter\BaseModel->insert([...], false)
 4 SYSTEMPATH\BaseModel.php(698): CodeIgniter\Model->insert([...], false)
 5 APPPATH\Controllers\api\Penjualan.php(191): CodeIgniter\BaseModel->save([...])
 6 SYSTEMPATH\CodeIgniter.php(919): App\Controllers\Api\Penjualan->simpanPenjualan()
 7 SYSTEMPATH\CodeIgniter.php(494): CodeIgniter\CodeIgniter->runController(Object(App\Controllers\Api\Penjualan))
 8 SYSTEMPATH\CodeIgniter.php(353): CodeIgniter\CodeIgniter->handleRequest(null, Object(Config\Cache), false)
 9 FCPATH\index.php(79): CodeIgniter\CodeIgniter->run()
10 SYSTEMPATH\Commands\Server\rewrite.php(47): require_once('C:\\xampp\\htdocs\\restbuku\\public\\index.php')
ERROR - 2023-10-09 13:11:47 --> mysqli_sql_exception: Duplicate entry 'CUST00001' for key 'id_penjualan' in C:\xampp\htdocs\restbuku\vendor\codeigniter4\framework\system\Database\MySQLi\Connection.php:306
Stack trace:
#0 C:\xampp\htdocs\restbuku\vendor\codeigniter4\framework\system\Database\MySQLi\Connection.php(306): mysqli->query('INSERT INTO `pe...', 0)
#1 C:\xampp\htdocs\restbuku\vendor\codeigniter4\framework\system\Database\BaseConnection.php(692): CodeIgniter\Database\MySQLi\Connection->execute('INSERT INTO `pe...')
#2 C:\xampp\htdocs\restbuku\vendor\codeigniter4\framework\system\Database\BaseConnection.php(606): CodeIgniter\Database\BaseConnection->simpleQuery('INSERT INTO `pe...')
#3 C:\xampp\htdocs\restbuku\vendor\codeigniter4\framework\system\Database\BaseBuilder.php(2308): CodeIgniter\Database\BaseConnection->query('INSERT INTO `pe...', Array, false)
#4 C:\xampp\htdocs\restbuku\vendor\codeigniter4\framework\system\Model.php(319): CodeIgniter\Database\BaseBuilder->insert()
#5 C:\xampp\htdocs\restbuku\vendor\codeigniter4\framework\system\BaseModel.php(788): CodeIgniter\Model->doInsert(Array)
#6 C:\xampp\htdocs\restbuku\vendor\codeigniter4\framework\system\Model.php(715): CodeIgniter\BaseModel->insert(Array, false)
#7 C:\xampp\htdocs\restbuku\vendor\codeigniter4\framework\system\BaseModel.php(698): CodeIgniter\Model->insert(Array, false)
#8 C:\xampp\htdocs\restbuku\app\Controllers\api\Penjualan.php(168): CodeIgniter\BaseModel->save(Array)
#9 C:\xampp\htdocs\restbuku\vendor\codeigniter4\framework\system\CodeIgniter.php(919): App\Controllers\Api\Penjualan->simpanPenjualan()
#10 C:\xampp\htdocs\restbuku\vendor\codeigniter4\framework\system\CodeIgniter.php(494): CodeIgniter\CodeIgniter->runController(Object(App\Controllers\Api\Penjualan))
#11 C:\xampp\htdocs\restbuku\vendor\codeigniter4\framework\system\CodeIgniter.php(353): CodeIgniter\CodeIgniter->handleRequest(NULL, Object(Config\Cache), false)
#12 C:\xampp\htdocs\restbuku\public\index.php(79): CodeIgniter\CodeIgniter->run()
#13 C:\xampp\htdocs\restbuku\vendor\codeigniter4\framework\system\Commands\Server\rewrite.php(47): require_once('C:\\xampp\\htdocs...')
#14 {main}
CRITICAL - 2023-10-09 13:11:47 --> Duplicate entry 'CUST00001' for key 'id_penjualan'
in SYSTEMPATH\Database\BaseConnection.php on line 646.
 1 SYSTEMPATH\Database\BaseBuilder.php(2308): CodeIgniter\Database\BaseConnection->query('INSERT INTO `penjualan` (`id_penjualan`, `total`, `created_at`, `updated_at`) VALUES (:id_penjualan:, :total:, :created_at:, :updated_at:)', [...], false)
 2 SYSTEMPATH\Model.php(319): CodeIgniter\Database\BaseBuilder->insert()
 3 SYSTEMPATH\BaseModel.php(788): CodeIgniter\Model->doInsert([...])
 4 SYSTEMPATH\Model.php(715): CodeIgniter\BaseModel->insert([...], false)
 5 SYSTEMPATH\BaseModel.php(698): CodeIgniter\Model->insert([...], false)
 6 APPPATH\Controllers\api\Penjualan.php(168): CodeIgniter\BaseModel->save([...])
 7 SYSTEMPATH\CodeIgniter.php(919): App\Controllers\Api\Penjualan->simpanPenjualan()
 8 SYSTEMPATH\CodeIgniter.php(494): CodeIgniter\CodeIgniter->runController(Object(App\Controllers\Api\Penjualan))
 9 SYSTEMPATH\CodeIgniter.php(353): CodeIgniter\CodeIgniter->handleRequest(null, Object(Config\Cache), false)
10 FCPATH\index.php(79): CodeIgniter\CodeIgniter->run()
11 SYSTEMPATH\Commands\Server\rewrite.php(47): require_once('C:\\xampp\\htdocs\\restbuku\\public\\index.php')
CRITICAL - 2023-10-09 13:20:26 --> Allowed fields must be specified for model: "App\Models\DetailPenjualanModel"
in SYSTEMPATH\Model.php on line 736.
 1 SYSTEMPATH\Model.php(736): CodeIgniter\Database\Exceptions\DataException::forInvalidAllowedFields('App\\Models\\DetailPenjualanModel')
 2 SYSTEMPATH\BaseModel.php(763): CodeIgniter\Model->doProtectFieldsForInsert([...])
 3 SYSTEMPATH\Model.php(715): CodeIgniter\BaseModel->insert([...], false)
 4 SYSTEMPATH\BaseModel.php(698): CodeIgniter\Model->insert([...], false)
 5 APPPATH\Controllers\api\Penjualan.php(191): CodeIgniter\BaseModel->save([...])
 6 SYSTEMPATH\CodeIgniter.php(919): App\Controllers\Api\Penjualan->simpanPenjualan()
 7 SYSTEMPATH\CodeIgniter.php(494): CodeIgniter\CodeIgniter->runController(Object(App\Controllers\Api\Penjualan))
 8 SYSTEMPATH\CodeIgniter.php(353): CodeIgniter\CodeIgniter->handleRequest(null, Object(Config\Cache), false)
 9 FCPATH\index.php(79): CodeIgniter\CodeIgniter->run()
10 SYSTEMPATH\Commands\Server\rewrite.php(47): require_once('C:\\xampp\\htdocs\\restbuku\\public\\index.php')
