ERROR - 2023-09-23 05:15:29 --> Error connecting to the database: mysqli_sql_exception: No connection could be made because the target machine actively refused it in C:\xampp\htdocs\restbuku\vendor\codeigniter4\framework\system\Database\MySQLi\Connection.php:184
Stack trace:
#0 C:\xampp\htdocs\restbuku\vendor\codeigniter4\framework\system\Database\MySQLi\Connection.php(184): mysqli->real_connect('localhost', 'root', Object(SensitiveParameterValue), 'restbuku', 3306, '', 0)
#1 C:\xampp\htdocs\restbuku\vendor\codeigniter4\framework\system\Database\BaseConnection.php(391): CodeIgniter\Database\MySQLi\Connection->connect(false)
#2 C:\xampp\htdocs\restbuku\vendor\codeigniter4\framework\system\Database\BaseConnection.php(574): CodeIgniter\Database\BaseConnection->initialize()
#3 C:\xampp\htdocs\restbuku\vendor\codeigniter4\framework\system\Database\BaseBuilder.php(1699): CodeIgniter\Database\BaseConnection->query('SELECT COUNT(*)...', Array, false)
#4 C:\xampp\htdocs\restbuku\vendor\codeigniter4\framework\system\Model.php(599): CodeIgniter\Database\BaseBuilder->countAllResults(false)
#5 C:\xampp\htdocs\restbuku\vendor\codeigniter4\framework\system\BaseModel.php(1203): CodeIgniter\Model->countAllResults(false)
#6 C:\xampp\htdocs\restbuku\app\Models\BukuModel.php(55): CodeIgniter\BaseModel->paginate(6, 'default', 1)
#7 C:\xampp\htdocs\restbuku\app\Controllers\api\Buku.php(30): App\Models\BukuModel->tampildata(6, 1, 'DESC')
#8 C:\xampp\htdocs\restbuku\vendor\codeigniter4\framework\system\CodeIgniter.php(919): App\Controllers\Api\Buku->index()
#9 C:\xampp\htdocs\restbuku\vendor\codeigniter4\framework\system\CodeIgniter.php(494): CodeIgniter\CodeIgniter->runController(Object(App\Controllers\Api\Buku))
#10 C:\xampp\htdocs\restbuku\vendor\codeigniter4\framework\system\CodeIgniter.php(353): CodeIgniter\CodeIgniter->handleRequest(NULL, Object(Config\Cache), false)
#11 C:\xampp\htdocs\restbuku\public\index.php(79): CodeIgniter\CodeIgniter->run()
#12 C:\xampp\htdocs\restbuku\vendor\codeigniter4\framework\system\Commands\Server\rewrite.php(47): require_once('C:\\xampp\\htdocs...')
#13 {main}

Next CodeIgniter\Database\Exceptions\DatabaseException: No connection could be made because the target machine actively refused it in C:\xampp\htdocs\restbuku\vendor\codeigniter4\framework\system\Database\MySQLi\Connection.php:229
Stack trace:
#0 C:\xampp\htdocs\restbuku\vendor\codeigniter4\framework\system\Database\BaseConnection.php(391): CodeIgniter\Database\MySQLi\Connection->connect(false)
#1 C:\xampp\htdocs\restbuku\vendor\codeigniter4\framework\system\Database\BaseConnection.php(574): CodeIgniter\Database\BaseConnection->initialize()
#2 C:\xampp\htdocs\restbuku\vendor\codeigniter4\framework\system\Database\BaseBuilder.php(1699): CodeIgniter\Database\BaseConnection->query('SELECT COUNT(*)...', Array, false)
#3 C:\xampp\htdocs\restbuku\vendor\codeigniter4\framework\system\Model.php(599): CodeIgniter\Database\BaseBuilder->countAllResults(false)
#4 C:\xampp\htdocs\restbuku\vendor\codeigniter4\framework\system\BaseModel.php(1203): CodeIgniter\Model->countAllResults(false)
#5 C:\xampp\htdocs\restbuku\app\Models\BukuModel.php(55): CodeIgniter\BaseModel->paginate(6, 'default', 1)
#6 C:\xampp\htdocs\restbuku\app\Controllers\api\Buku.php(30): App\Models\BukuModel->tampildata(6, 1, 'DESC')
#7 C:\xampp\htdocs\restbuku\vendor\codeigniter4\framework\system\CodeIgniter.php(919): App\Controllers\Api\Buku->index()
#8 C:\xampp\htdocs\restbuku\vendor\codeigniter4\framework\system\CodeIgniter.php(494): CodeIgniter\CodeIgniter->runController(Object(App\Controllers\Api\Buku))
#9 C:\xampp\htdocs\restbuku\vendor\codeigniter4\framework\system\CodeIgniter.php(353): CodeIgniter\CodeIgniter->handleRequest(NULL, Object(Config\Cache), false)
#10 C:\xampp\htdocs\restbuku\public\index.php(79): CodeIgniter\CodeIgniter->run()
#11 C:\xampp\htdocs\restbuku\vendor\codeigniter4\framework\system\Commands\Server\rewrite.php(47): require_once('C:\\xampp\\htdocs...')
#12 {main}
CRITICAL - 2023-09-23 05:15:29 --> Unable to connect to the database.
Main connection [MySQLi]: No connection could be made because the target machine actively refused it
in SYSTEMPATH\Database\BaseConnection.php on line 427.
 1 SYSTEMPATH\Database\BaseConnection.php(574): CodeIgniter\Database\BaseConnection->initialize()
 2 SYSTEMPATH\Database\BaseBuilder.php(1699): CodeIgniter\Database\BaseConnection->query('SELECT COUNT(*) AS `numrows`
FROM `buku`
LEFT JOIN `penerbit` ON `penerbit`.`id_penerbit`=`buku`.`id_penerbit`', [], false)
 3 SYSTEMPATH\Model.php(599): CodeIgniter\Database\BaseBuilder->countAllResults(false)
 4 SYSTEMPATH\BaseModel.php(1203): CodeIgniter\Model->countAllResults(false)
 5 APPPATH\Models\BukuModel.php(55): CodeIgniter\BaseModel->paginate(6, 'default', 1)
 6 APPPATH\Controllers\api\Buku.php(30): App\Models\BukuModel->tampildata(6, 1, 'DESC')
 7 SYSTEMPATH\CodeIgniter.php(919): App\Controllers\Api\Buku->index()
 8 SYSTEMPATH\CodeIgniter.php(494): CodeIgniter\CodeIgniter->runController(Object(App\Controllers\Api\Buku))
 9 SYSTEMPATH\CodeIgniter.php(353): CodeIgniter\CodeIgniter->handleRequest(null, Object(Config\Cache), false)
10 FCPATH\index.php(79): CodeIgniter\CodeIgniter->run()
11 SYSTEMPATH\Commands\Server\rewrite.php(47): require_once('C:\\xampp\\htdocs\\restbuku\\public\\index.php')
ERROR - 2023-09-23 05:15:43 --> Error connecting to the database: mysqli_sql_exception: No connection could be made because the target machine actively refused it in C:\xampp\htdocs\restbuku\vendor\codeigniter4\framework\system\Database\MySQLi\Connection.php:184
Stack trace:
#0 C:\xampp\htdocs\restbuku\vendor\codeigniter4\framework\system\Database\MySQLi\Connection.php(184): mysqli->real_connect('localhost', 'root', Object(SensitiveParameterValue), 'restbuku', 3306, '', 0)
#1 C:\xampp\htdocs\restbuku\vendor\codeigniter4\framework\system\Database\BaseConnection.php(391): CodeIgniter\Database\MySQLi\Connection->connect(false)
#2 C:\xampp\htdocs\restbuku\vendor\codeigniter4\framework\system\Database\BaseConnection.php(574): CodeIgniter\Database\BaseConnection->initialize()
#3 C:\xampp\htdocs\restbuku\vendor\codeigniter4\framework\system\Database\BaseBuilder.php(1699): CodeIgniter\Database\BaseConnection->query('SELECT COUNT(*)...', Array, false)
#4 C:\xampp\htdocs\restbuku\vendor\codeigniter4\framework\system\Model.php(599): CodeIgniter\Database\BaseBuilder->countAllResults(false)
#5 C:\xampp\htdocs\restbuku\vendor\codeigniter4\framework\system\BaseModel.php(1203): CodeIgniter\Model->countAllResults(false)
#6 C:\xampp\htdocs\restbuku\app\Models\BukuModel.php(55): CodeIgniter\BaseModel->paginate(6, 'default', 1)
#7 C:\xampp\htdocs\restbuku\app\Controllers\api\Buku.php(30): App\Models\BukuModel->tampildata(6, 1, 'DESC')
#8 C:\xampp\htdocs\restbuku\vendor\codeigniter4\framework\system\CodeIgniter.php(919): App\Controllers\Api\Buku->index()
#9 C:\xampp\htdocs\restbuku\vendor\codeigniter4\framework\system\CodeIgniter.php(494): CodeIgniter\CodeIgniter->runController(Object(App\Controllers\Api\Buku))
#10 C:\xampp\htdocs\restbuku\vendor\codeigniter4\framework\system\CodeIgniter.php(353): CodeIgniter\CodeIgniter->handleRequest(NULL, Object(Config\Cache), false)
#11 C:\xampp\htdocs\restbuku\public\index.php(79): CodeIgniter\CodeIgniter->run()
#12 C:\xampp\htdocs\restbuku\vendor\codeigniter4\framework\system\Commands\Server\rewrite.php(47): require_once('C:\\xampp\\htdocs...')
#13 {main}

Next CodeIgniter\Database\Exceptions\DatabaseException: No connection could be made because the target machine actively refused it in C:\xampp\htdocs\restbuku\vendor\codeigniter4\framework\system\Database\MySQLi\Connection.php:229
Stack trace:
#0 C:\xampp\htdocs\restbuku\vendor\codeigniter4\framework\system\Database\BaseConnection.php(391): CodeIgniter\Database\MySQLi\Connection->connect(false)
#1 C:\xampp\htdocs\restbuku\vendor\codeigniter4\framework\system\Database\BaseConnection.php(574): CodeIgniter\Database\BaseConnection->initialize()
#2 C:\xampp\htdocs\restbuku\vendor\codeigniter4\framework\system\Database\BaseBuilder.php(1699): CodeIgniter\Database\BaseConnection->query('SELECT COUNT(*)...', Array, false)
#3 C:\xampp\htdocs\restbuku\vendor\codeigniter4\framework\system\Model.php(599): CodeIgniter\Database\BaseBuilder->countAllResults(false)
#4 C:\xampp\htdocs\restbuku\vendor\codeigniter4\framework\system\BaseModel.php(1203): CodeIgniter\Model->countAllResults(false)
#5 C:\xampp\htdocs\restbuku\app\Models\BukuModel.php(55): CodeIgniter\BaseModel->paginate(6, 'default', 1)
#6 C:\xampp\htdocs\restbuku\app\Controllers\api\Buku.php(30): App\Models\BukuModel->tampildata(6, 1, 'DESC')
#7 C:\xampp\htdocs\restbuku\vendor\codeigniter4\framework\system\CodeIgniter.php(919): App\Controllers\Api\Buku->index()
#8 C:\xampp\htdocs\restbuku\vendor\codeigniter4\framework\system\CodeIgniter.php(494): CodeIgniter\CodeIgniter->runController(Object(App\Controllers\Api\Buku))
#9 C:\xampp\htdocs\restbuku\vendor\codeigniter4\framework\system\CodeIgniter.php(353): CodeIgniter\CodeIgniter->handleRequest(NULL, Object(Config\Cache), false)
#10 C:\xampp\htdocs\restbuku\public\index.php(79): CodeIgniter\CodeIgniter->run()
#11 C:\xampp\htdocs\restbuku\vendor\codeigniter4\framework\system\Commands\Server\rewrite.php(47): require_once('C:\\xampp\\htdocs...')
#12 {main}
CRITICAL - 2023-09-23 05:15:43 --> Unable to connect to the database.
Main connection [MySQLi]: No connection could be made because the target machine actively refused it
in SYSTEMPATH\Database\BaseConnection.php on line 427.
 1 SYSTEMPATH\Database\BaseConnection.php(574): CodeIgniter\Database\BaseConnection->initialize()
 2 SYSTEMPATH\Database\BaseBuilder.php(1699): CodeIgniter\Database\BaseConnection->query('SELECT COUNT(*) AS `numrows`
FROM `buku`
LEFT JOIN `penerbit` ON `penerbit`.`id_penerbit`=`buku`.`id_penerbit`', [], false)
 3 SYSTEMPATH\Model.php(599): CodeIgniter\Database\BaseBuilder->countAllResults(false)
 4 SYSTEMPATH\BaseModel.php(1203): CodeIgniter\Model->countAllResults(false)
 5 APPPATH\Models\BukuModel.php(55): CodeIgniter\BaseModel->paginate(6, 'default', 1)
 6 APPPATH\Controllers\api\Buku.php(30): App\Models\BukuModel->tampildata(6, 1, 'DESC')
 7 SYSTEMPATH\CodeIgniter.php(919): App\Controllers\Api\Buku->index()
 8 SYSTEMPATH\CodeIgniter.php(494): CodeIgniter\CodeIgniter->runController(Object(App\Controllers\Api\Buku))
 9 SYSTEMPATH\CodeIgniter.php(353): CodeIgniter\CodeIgniter->handleRequest(null, Object(Config\Cache), false)
10 FCPATH\index.php(79): CodeIgniter\CodeIgniter->run()
11 SYSTEMPATH\Commands\Server\rewrite.php(47): require_once('C:\\xampp\\htdocs\\restbuku\\public\\index.php')
ERROR - 2023-09-23 05:47:12 --> Error connecting to the database: mysqli_sql_exception: No connection could be made because the target machine actively refused it in C:\xampp\htdocs\restbuku\vendor\codeigniter4\framework\system\Database\MySQLi\Connection.php:184
Stack trace:
#0 C:\xampp\htdocs\restbuku\vendor\codeigniter4\framework\system\Database\MySQLi\Connection.php(184): mysqli->real_connect('localhost', 'root', Object(SensitiveParameterValue), 'restbuku', 3306, '', 0)
#1 C:\xampp\htdocs\restbuku\vendor\codeigniter4\framework\system\Database\BaseConnection.php(391): CodeIgniter\Database\MySQLi\Connection->connect(false)
#2 C:\xampp\htdocs\restbuku\vendor\codeigniter4\framework\system\Database\BaseConnection.php(574): CodeIgniter\Database\BaseConnection->initialize()
#3 C:\xampp\htdocs\restbuku\vendor\codeigniter4\framework\system\Database\BaseBuilder.php(1699): CodeIgniter\Database\BaseConnection->query('SELECT COUNT(*)...', Array, false)
#4 C:\xampp\htdocs\restbuku\vendor\codeigniter4\framework\system\Model.php(599): CodeIgniter\Database\BaseBuilder->countAllResults(false)
#5 C:\xampp\htdocs\restbuku\vendor\codeigniter4\framework\system\BaseModel.php(1203): CodeIgniter\Model->countAllResults(false)
#6 C:\xampp\htdocs\restbuku\app\Models\BukuModel.php(55): CodeIgniter\BaseModel->paginate(6, 'default', 1)
#7 C:\xampp\htdocs\restbuku\app\Controllers\api\Buku.php(30): App\Models\BukuModel->tampildata(6, 1, 'DESC')
#8 C:\xampp\htdocs\restbuku\vendor\codeigniter4\framework\system\CodeIgniter.php(919): App\Controllers\Api\Buku->index()
#9 C:\xampp\htdocs\restbuku\vendor\codeigniter4\framework\system\CodeIgniter.php(494): CodeIgniter\CodeIgniter->runController(Object(App\Controllers\Api\Buku))
#10 C:\xampp\htdocs\restbuku\vendor\codeigniter4\framework\system\CodeIgniter.php(353): CodeIgniter\CodeIgniter->handleRequest(NULL, Object(Config\Cache), false)
#11 C:\xampp\htdocs\restbuku\public\index.php(79): CodeIgniter\CodeIgniter->run()
#12 C:\xampp\htdocs\restbuku\vendor\codeigniter4\framework\system\Commands\Server\rewrite.php(47): require_once('C:\\xampp\\htdocs...')
#13 {main}

Next CodeIgniter\Database\Exceptions\DatabaseException: No connection could be made because the target machine actively refused it in C:\xampp\htdocs\restbuku\vendor\codeigniter4\framework\system\Database\MySQLi\Connection.php:229
Stack trace:
#0 C:\xampp\htdocs\restbuku\vendor\codeigniter4\framework\system\Database\BaseConnection.php(391): CodeIgniter\Database\MySQLi\Connection->connect(false)
#1 C:\xampp\htdocs\restbuku\vendor\codeigniter4\framework\system\Database\BaseConnection.php(574): CodeIgniter\Database\BaseConnection->initialize()
#2 C:\xampp\htdocs\restbuku\vendor\codeigniter4\framework\system\Database\BaseBuilder.php(1699): CodeIgniter\Database\BaseConnection->query('SELECT COUNT(*)...', Array, false)
#3 C:\xampp\htdocs\restbuku\vendor\codeigniter4\framework\system\Model.php(599): CodeIgniter\Database\BaseBuilder->countAllResults(false)
#4 C:\xampp\htdocs\restbuku\vendor\codeigniter4\framework\system\BaseModel.php(1203): CodeIgniter\Model->countAllResults(false)
#5 C:\xampp\htdocs\restbuku\app\Models\BukuModel.php(55): CodeIgniter\BaseModel->paginate(6, 'default', 1)
#6 C:\xampp\htdocs\restbuku\app\Controllers\api\Buku.php(30): App\Models\BukuModel->tampildata(6, 1, 'DESC')
#7 C:\xampp\htdocs\restbuku\vendor\codeigniter4\framework\system\CodeIgniter.php(919): App\Controllers\Api\Buku->index()
#8 C:\xampp\htdocs\restbuku\vendor\codeigniter4\framework\system\CodeIgniter.php(494): CodeIgniter\CodeIgniter->runController(Object(App\Controllers\Api\Buku))
#9 C:\xampp\htdocs\restbuku\vendor\codeigniter4\framework\system\CodeIgniter.php(353): CodeIgniter\CodeIgniter->handleRequest(NULL, Object(Config\Cache), false)
#10 C:\xampp\htdocs\restbuku\public\index.php(79): CodeIgniter\CodeIgniter->run()
#11 C:\xampp\htdocs\restbuku\vendor\codeigniter4\framework\system\Commands\Server\rewrite.php(47): require_once('C:\\xampp\\htdocs...')
#12 {main}
CRITICAL - 2023-09-23 05:47:12 --> Unable to connect to the database.
Main connection [MySQLi]: No connection could be made because the target machine actively refused it
in SYSTEMPATH\Database\BaseConnection.php on line 427.
 1 SYSTEMPATH\Database\BaseConnection.php(574): CodeIgniter\Database\BaseConnection->initialize()
 2 SYSTEMPATH\Database\BaseBuilder.php(1699): CodeIgniter\Database\BaseConnection->query('SELECT COUNT(*) AS `numrows`
FROM `buku`
LEFT JOIN `penerbit` ON `penerbit`.`id_penerbit`=`buku`.`id_penerbit`', [], false)
 3 SYSTEMPATH\Model.php(599): CodeIgniter\Database\BaseBuilder->countAllResults(false)
 4 SYSTEMPATH\BaseModel.php(1203): CodeIgniter\Model->countAllResults(false)
 5 APPPATH\Models\BukuModel.php(55): CodeIgniter\BaseModel->paginate(6, 'default', 1)
 6 APPPATH\Controllers\api\Buku.php(30): App\Models\BukuModel->tampildata(6, 1, 'DESC')
 7 SYSTEMPATH\CodeIgniter.php(919): App\Controllers\Api\Buku->index()
 8 SYSTEMPATH\CodeIgniter.php(494): CodeIgniter\CodeIgniter->runController(Object(App\Controllers\Api\Buku))
 9 SYSTEMPATH\CodeIgniter.php(353): CodeIgniter\CodeIgniter->handleRequest(null, Object(Config\Cache), false)
10 FCPATH\index.php(79): CodeIgniter\CodeIgniter->run()
11 SYSTEMPATH\Commands\Server\rewrite.php(47): require_once('C:\\xampp\\htdocs\\restbuku\\public\\index.php')
ERROR - 2023-09-23 05:47:25 --> Error connecting to the database: mysqli_sql_exception: No connection could be made because the target machine actively refused it in C:\xampp\htdocs\restbuku\vendor\codeigniter4\framework\system\Database\MySQLi\Connection.php:184
Stack trace:
#0 C:\xampp\htdocs\restbuku\vendor\codeigniter4\framework\system\Database\MySQLi\Connection.php(184): mysqli->real_connect('localhost', 'root', Object(SensitiveParameterValue), 'restbuku', 3306, '', 0)
#1 C:\xampp\htdocs\restbuku\vendor\codeigniter4\framework\system\Database\BaseConnection.php(391): CodeIgniter\Database\MySQLi\Connection->connect(false)
#2 C:\xampp\htdocs\restbuku\vendor\codeigniter4\framework\system\Database\BaseConnection.php(574): CodeIgniter\Database\BaseConnection->initialize()
#3 C:\xampp\htdocs\restbuku\vendor\codeigniter4\framework\system\Database\BaseBuilder.php(1699): CodeIgniter\Database\BaseConnection->query('SELECT COUNT(*)...', Array, false)
#4 C:\xampp\htdocs\restbuku\vendor\codeigniter4\framework\system\Model.php(599): CodeIgniter\Database\BaseBuilder->countAllResults(false)
#5 C:\xampp\htdocs\restbuku\vendor\codeigniter4\framework\system\BaseModel.php(1203): CodeIgniter\Model->countAllResults(false)
#6 C:\xampp\htdocs\restbuku\app\Models\BukuModel.php(55): CodeIgniter\BaseModel->paginate(6, 'default', 1)
#7 C:\xampp\htdocs\restbuku\app\Controllers\api\Buku.php(30): App\Models\BukuModel->tampildata(6, 1, 'DESC')
#8 C:\xampp\htdocs\restbuku\vendor\codeigniter4\framework\system\CodeIgniter.php(919): App\Controllers\Api\Buku->index()
#9 C:\xampp\htdocs\restbuku\vendor\codeigniter4\framework\system\CodeIgniter.php(494): CodeIgniter\CodeIgniter->runController(Object(App\Controllers\Api\Buku))
#10 C:\xampp\htdocs\restbuku\vendor\codeigniter4\framework\system\CodeIgniter.php(353): CodeIgniter\CodeIgniter->handleRequest(NULL, Object(Config\Cache), false)
#11 C:\xampp\htdocs\restbuku\public\index.php(79): CodeIgniter\CodeIgniter->run()
#12 C:\xampp\htdocs\restbuku\vendor\codeigniter4\framework\system\Commands\Server\rewrite.php(47): require_once('C:\\xampp\\htdocs...')
#13 {main}

Next CodeIgniter\Database\Exceptions\DatabaseException: No connection could be made because the target machine actively refused it in C:\xampp\htdocs\restbuku\vendor\codeigniter4\framework\system\Database\MySQLi\Connection.php:229
Stack trace:
#0 C:\xampp\htdocs\restbuku\vendor\codeigniter4\framework\system\Database\BaseConnection.php(391): CodeIgniter\Database\MySQLi\Connection->connect(false)
#1 C:\xampp\htdocs\restbuku\vendor\codeigniter4\framework\system\Database\BaseConnection.php(574): CodeIgniter\Database\BaseConnection->initialize()
#2 C:\xampp\htdocs\restbuku\vendor\codeigniter4\framework\system\Database\BaseBuilder.php(1699): CodeIgniter\Database\BaseConnection->query('SELECT COUNT(*)...', Array, false)
#3 C:\xampp\htdocs\restbuku\vendor\codeigniter4\framework\system\Model.php(599): CodeIgniter\Database\BaseBuilder->countAllResults(false)
#4 C:\xampp\htdocs\restbuku\vendor\codeigniter4\framework\system\BaseModel.php(1203): CodeIgniter\Model->countAllResults(false)
#5 C:\xampp\htdocs\restbuku\app\Models\BukuModel.php(55): CodeIgniter\BaseModel->paginate(6, 'default', 1)
#6 C:\xampp\htdocs\restbuku\app\Controllers\api\Buku.php(30): App\Models\BukuModel->tampildata(6, 1, 'DESC')
#7 C:\xampp\htdocs\restbuku\vendor\codeigniter4\framework\system\CodeIgniter.php(919): App\Controllers\Api\Buku->index()
#8 C:\xampp\htdocs\restbuku\vendor\codeigniter4\framework\system\CodeIgniter.php(494): CodeIgniter\CodeIgniter->runController(Object(App\Controllers\Api\Buku))
#9 C:\xampp\htdocs\restbuku\vendor\codeigniter4\framework\system\CodeIgniter.php(353): CodeIgniter\CodeIgniter->handleRequest(NULL, Object(Config\Cache), false)
#10 C:\xampp\htdocs\restbuku\public\index.php(79): CodeIgniter\CodeIgniter->run()
#11 C:\xampp\htdocs\restbuku\vendor\codeigniter4\framework\system\Commands\Server\rewrite.php(47): require_once('C:\\xampp\\htdocs...')
#12 {main}
CRITICAL - 2023-09-23 05:47:25 --> Unable to connect to the database.
Main connection [MySQLi]: No connection could be made because the target machine actively refused it
in SYSTEMPATH\Database\BaseConnection.php on line 427.
 1 SYSTEMPATH\Database\BaseConnection.php(574): CodeIgniter\Database\BaseConnection->initialize()
 2 SYSTEMPATH\Database\BaseBuilder.php(1699): CodeIgniter\Database\BaseConnection->query('SELECT COUNT(*) AS `numrows`
FROM `buku`
LEFT JOIN `penerbit` ON `penerbit`.`id_penerbit`=`buku`.`id_penerbit`', [], false)
 3 SYSTEMPATH\Model.php(599): CodeIgniter\Database\BaseBuilder->countAllResults(false)
 4 SYSTEMPATH\BaseModel.php(1203): CodeIgniter\Model->countAllResults(false)
 5 APPPATH\Models\BukuModel.php(55): CodeIgniter\BaseModel->paginate(6, 'default', 1)
 6 APPPATH\Controllers\api\Buku.php(30): App\Models\BukuModel->tampildata(6, 1, 'DESC')
 7 SYSTEMPATH\CodeIgniter.php(919): App\Controllers\Api\Buku->index()
 8 SYSTEMPATH\CodeIgniter.php(494): CodeIgniter\CodeIgniter->runController(Object(App\Controllers\Api\Buku))
 9 SYSTEMPATH\CodeIgniter.php(353): CodeIgniter\CodeIgniter->handleRequest(null, Object(Config\Cache), false)
10 FCPATH\index.php(79): CodeIgniter\CodeIgniter->run()
11 SYSTEMPATH\Commands\Server\rewrite.php(47): require_once('C:\\xampp\\htdocs\\restbuku\\public\\index.php')
CRITICAL - 2023-09-23 06:08:51 --> Firebase\JWT\JWT::decode(): Argument #3 ($headers) cannot be passed by reference
in APPPATH\Helpers\jwt_helper.php on line 18.
 1 APPPATH\Filters\FilterJwt.php(21): validateJWT('eyJ0eXAiOiJKV1QiLCJhbGciOiJIUzI1NiJ9.eyJpYXQiOjEzNTY5OTk1MjQsIm5iZiI6MTM1NzAwMDAwMCwidWlkIjoiNiIsImVtYWlsIjoibnVnZUBnbWFpbC5jb20ifQ.IJKet1MVsgu0TF_RFQvEbV8bNN9bC-UnPexrs7VWhdI')
 2 SYSTEMPATH\Filters\Filters.php(180): App\Filters\FilterJwt->before(Object(CodeIgniter\HTTP\IncomingRequest), null)
 3 SYSTEMPATH\CodeIgniter.php(466): CodeIgniter\Filters\Filters->run('api/buku/', 'before')
 4 SYSTEMPATH\CodeIgniter.php(353): CodeIgniter\CodeIgniter->handleRequest(null, Object(Config\Cache), false)
 5 FCPATH\index.php(79): CodeIgniter\CodeIgniter->run()
 6 SYSTEMPATH\Commands\Server\rewrite.php(47): require_once('C:\\xampp\\htdocs\\restbuku\\public\\index.php')
